<?xml version="1.0" encoding="UTF-8"?>
<testsuite name="com.sw.book.springboot.web.web.dto.PostsApiControllerTest" tests="2" skipped="0" failures="0" errors="0" timestamp="2022-04-18T07:48:30" hostname="DESKTOP-JJJLSO7" time="0.139">
  <properties/>
  <testcase name="Posts_등록된다" classname="com.sw.book.springboot.web.web.dto.PostsApiControllerTest" time="0.091"/>
  <testcase name="Posts_수정된다" classname="com.sw.book.springboot.web.web.dto.PostsApiControllerTest" time="0.047"/>
  <system-out><![CDATA[2022-04-18 16:48:30.494  INFO 9400 --- [    Test worker] .b.t.c.SpringBootTestContextBootstrapper : Neither @ContextConfiguration nor @ContextHierarchy found for test class [com.sw.book.springboot.web.web.dto.PostsApiControllerTest], using SpringBootContextLoader
2022-04-18 16:48:30.495  INFO 9400 --- [    Test worker] o.s.t.c.support.AbstractContextLoader    : Could not detect default resource locations for test class [com.sw.book.springboot.web.web.dto.PostsApiControllerTest]: no resource found for suffixes {-context.xml, Context.groovy}.
2022-04-18 16:48:30.496  INFO 9400 --- [    Test worker] t.c.s.AnnotationConfigContextLoaderUtils : Could not detect default configuration classes for test class [com.sw.book.springboot.web.web.dto.PostsApiControllerTest]: PostsApiControllerTest does not declare any static, non-private, non-final, nested classes annotated with @Configuration.
2022-04-18 16:48:30.506  INFO 9400 --- [    Test worker] .b.t.c.SpringBootTestContextBootstrapper : Found @SpringBootConfiguration com.sw.book.springboot.web.Application for test class com.sw.book.springboot.web.web.dto.PostsApiControllerTest
2022-04-18 16:48:30.508  INFO 9400 --- [    Test worker] .b.t.c.SpringBootTestContextBootstrapper : Loaded default TestExecutionListener class names from location [META-INF/spring.factories]: [org.springframework.security.test.context.support.WithSecurityContextTestExecutionListener, org.springframework.security.test.context.support.ReactorContextTestExecutionListener, org.springframework.boot.test.autoconfigure.restdocs.RestDocsTestExecutionListener, org.springframework.boot.test.autoconfigure.web.client.MockRestServiceServerResetTestExecutionListener, org.springframework.boot.test.autoconfigure.web.servlet.MockMvcPrintOnlyOnFailureTestExecutionListener, org.springframework.boot.test.autoconfigure.web.servlet.WebDriverTestExecutionListener, org.springframework.boot.test.mock.mockito.MockitoTestExecutionListener, org.springframework.boot.test.mock.mockito.ResetMocksTestExecutionListener, org.springframework.test.context.web.ServletTestExecutionListener, org.springframework.test.context.support.DirtiesContextBeforeModesTestExecutionListener, org.springframework.test.context.support.DependencyInjectionTestExecutionListener, org.springframework.test.context.support.DirtiesContextTestExecutionListener, org.springframework.test.context.transaction.TransactionalTestExecutionListener, org.springframework.test.context.jdbc.SqlScriptsTestExecutionListener]
2022-04-18 16:48:30.509  INFO 9400 --- [    Test worker] .b.t.c.SpringBootTestContextBootstrapper : Using TestExecutionListeners: [org.springframework.test.context.web.ServletTestExecutionListener@30d6999b, org.springframework.test.context.support.DirtiesContextBeforeModesTestExecutionListener@ed02fd2, org.springframework.boot.test.mock.mockito.MockitoTestExecutionListener@4403b80, org.springframework.boot.test.autoconfigure.SpringBootDependencyInjectionTestExecutionListener@19e57c02, org.springframework.test.context.support.DirtiesContextTestExecutionListener@1dfb34e4, org.springframework.test.context.transaction.TransactionalTestExecutionListener@12da3636, org.springframework.test.context.jdbc.SqlScriptsTestExecutionListener@17c393d6, org.springframework.security.test.context.support.WithSecurityContextTestExecutionListener@2574e840, org.springframework.security.test.context.support.ReactorContextTestExecutionListener@616ca41e, org.springframework.boot.test.autoconfigure.restdocs.RestDocsTestExecutionListener@22c44583, org.springframework.boot.test.autoconfigure.web.client.MockRestServiceServerResetTestExecutionListener@29122f2e, org.springframework.boot.test.autoconfigure.web.servlet.MockMvcPrintOnlyOnFailureTestExecutionListener@2ba6f4a4, org.springframework.boot.test.autoconfigure.web.servlet.WebDriverTestExecutionListener@2feef99a, org.springframework.boot.test.mock.mockito.ResetMocksTestExecutionListener@2f8659b9]
2022-04-18 16:48:30.519  INFO 9400 --- [    Test worker] o.a.c.c.C.[Tomcat].[localhost].[/]       : Initializing Spring TestDispatcherServlet ''
2022-04-18 16:48:30.519  INFO 9400 --- [    Test worker] o.s.t.web.servlet.TestDispatcherServlet  : Initializing Servlet ''
2022-04-18 16:48:30.522  INFO 9400 --- [    Test worker] o.s.t.web.servlet.TestDispatcherServlet  : Completed initialization in 3 ms
Hibernate: insert into posts (created_date, modified_date, author, content, title) values (?, ?, ?, ?, ?)
Hibernate: select posts0_.id as id1_0_, posts0_.created_date as created_2_0_, posts0_.modified_date as modified3_0_, posts0_.author as author4_0_, posts0_.content as content5_0_, posts0_.title as title6_0_ from posts posts0_
Hibernate: select posts0_.id as id1_0_, posts0_.created_date as created_2_0_, posts0_.modified_date as modified3_0_, posts0_.author as author4_0_, posts0_.content as content5_0_, posts0_.title as title6_0_ from posts posts0_
Hibernate: delete from posts where id=?
2022-04-18 16:48:30.608  INFO 9400 --- [    Test worker] o.a.c.c.C.[Tomcat].[localhost].[/]       : Initializing Spring TestDispatcherServlet ''
2022-04-18 16:48:30.608  INFO 9400 --- [    Test worker] o.s.t.web.servlet.TestDispatcherServlet  : Initializing Servlet ''
2022-04-18 16:48:30.611  INFO 9400 --- [    Test worker] o.s.t.web.servlet.TestDispatcherServlet  : Completed initialization in 3 ms
Hibernate: insert into posts (created_date, modified_date, author, content, title) values (?, ?, ?, ?, ?)
Hibernate: select posts0_.id as id1_0_0_, posts0_.created_date as created_2_0_0_, posts0_.modified_date as modified3_0_0_, posts0_.author as author4_0_0_, posts0_.content as content5_0_0_, posts0_.title as title6_0_0_ from posts posts0_ where posts0_.id=?
Hibernate: select posts0_.id as id1_0_, posts0_.created_date as created_2_0_, posts0_.modified_date as modified3_0_, posts0_.author as author4_0_, posts0_.content as content5_0_, posts0_.title as title6_0_ from posts posts0_
Hibernate: select posts0_.id as id1_0_, posts0_.created_date as created_2_0_, posts0_.modified_date as modified3_0_, posts0_.author as author4_0_, posts0_.content as content5_0_, posts0_.title as title6_0_ from posts posts0_
Hibernate: delete from posts where id=?
]]></system-out>
  <system-err><![CDATA[]]></system-err>
</testsuite>
