<?xml version="1.0" encoding="UTF-8"?>
<testsuite name="com.sw.book.springboot.web.IndexControllerTest" tests="1" skipped="0" failures="0" errors="0" timestamp="2022-04-18T13:13:13" hostname="DESKTOP-JJJLSO7" time="0.203">
  <properties/>
  <testcase name="메인페이지_로딩" classname="com.sw.book.springboot.web.IndexControllerTest" time="0.203"/>
  <system-out><![CDATA[2022-04-18 22:13:11.001  INFO 21764 --- [    Test worker] .b.t.c.SpringBootTestContextBootstrapper : Neither @ContextConfiguration nor @ContextHierarchy found for test class [com.sw.book.springboot.web.IndexControllerTest], using SpringBootContextLoader
2022-04-18 22:13:11.002  INFO 21764 --- [    Test worker] o.s.t.c.support.AbstractContextLoader    : Could not detect default resource locations for test class [com.sw.book.springboot.web.IndexControllerTest]: no resource found for suffixes {-context.xml, Context.groovy}.
2022-04-18 22:13:11.002  INFO 21764 --- [    Test worker] t.c.s.AnnotationConfigContextLoaderUtils : Could not detect default configuration classes for test class [com.sw.book.springboot.web.IndexControllerTest]: IndexControllerTest does not declare any static, non-private, non-final, nested classes annotated with @Configuration.
2022-04-18 22:13:11.006  INFO 21764 --- [    Test worker] .b.t.c.SpringBootTestContextBootstrapper : Found @SpringBootConfiguration com.sw.book.springboot.web.Application for test class com.sw.book.springboot.web.IndexControllerTest
2022-04-18 22:13:11.007  INFO 21764 --- [    Test worker] .b.t.c.SpringBootTestContextBootstrapper : Loaded default TestExecutionListener class names from location [META-INF/spring.factories]: [org.springframework.security.test.context.support.WithSecurityContextTestExecutionListener, org.springframework.security.test.context.support.ReactorContextTestExecutionListener, org.springframework.boot.test.autoconfigure.restdocs.RestDocsTestExecutionListener, org.springframework.boot.test.autoconfigure.web.client.MockRestServiceServerResetTestExecutionListener, org.springframework.boot.test.autoconfigure.web.servlet.MockMvcPrintOnlyOnFailureTestExecutionListener, org.springframework.boot.test.autoconfigure.web.servlet.WebDriverTestExecutionListener, org.springframework.boot.test.mock.mockito.MockitoTestExecutionListener, org.springframework.boot.test.mock.mockito.ResetMocksTestExecutionListener, org.springframework.test.context.web.ServletTestExecutionListener, org.springframework.test.context.support.DirtiesContextBeforeModesTestExecutionListener, org.springframework.test.context.support.DependencyInjectionTestExecutionListener, org.springframework.test.context.support.DirtiesContextTestExecutionListener, org.springframework.test.context.transaction.TransactionalTestExecutionListener, org.springframework.test.context.jdbc.SqlScriptsTestExecutionListener]
2022-04-18 22:13:11.008  INFO 21764 --- [    Test worker] .b.t.c.SpringBootTestContextBootstrapper : Using TestExecutionListeners: [org.springframework.test.context.web.ServletTestExecutionListener@4376cd83, org.springframework.test.context.support.DirtiesContextBeforeModesTestExecutionListener@5a04e904, org.springframework.boot.test.mock.mockito.MockitoTestExecutionListener@64e8d57b, org.springframework.boot.test.autoconfigure.SpringBootDependencyInjectionTestExecutionListener@64872e4e, org.springframework.test.context.support.DirtiesContextTestExecutionListener@1168ed88, org.springframework.test.context.transaction.TransactionalTestExecutionListener@6c597a68, org.springframework.test.context.jdbc.SqlScriptsTestExecutionListener@4e382995, org.springframework.security.test.context.support.WithSecurityContextTestExecutionListener@13909b42, org.springframework.security.test.context.support.ReactorContextTestExecutionListener@45422015, org.springframework.boot.test.autoconfigure.restdocs.RestDocsTestExecutionListener@62ef98ef, org.springframework.boot.test.autoconfigure.web.client.MockRestServiceServerResetTestExecutionListener@6d9461a6, org.springframework.boot.test.autoconfigure.web.servlet.MockMvcPrintOnlyOnFailureTestExecutionListener@7ac9addd, org.springframework.boot.test.autoconfigure.web.servlet.WebDriverTestExecutionListener@2edf6819, org.springframework.boot.test.mock.mockito.ResetMocksTestExecutionListener@30e9a5cd]

  .   ____          _            __ _ _
 /\\ / ___'_ __ _ _(_)_ __  __ _ \ \ \ \
( ( )\___ | '_ | '_| | '_ \/ _` | \ \ \ \
 \\/  ___)| |_)| | | | | || (_| |  ) ) ) )
  '  |____| .__|_| |_|_| |_\__, | / / / /
 =========|_|==============|___/=/_/_/_/
 :: Spring Boot ::        (v2.1.7.RELEASE)

2022-04-18 22:13:11.035  INFO 21764 --- [    Test worker] c.s.b.s.web.IndexControllerTest          : Starting IndexControllerTest on DESKTOP-JJJLSO7 with PID 21764 (started by 신상원 in F:\Eclipse-workspace\freelec-springboot-webservice)
2022-04-18 22:13:11.036  INFO 21764 --- [    Test worker] c.s.b.s.web.IndexControllerTest          : No active profile set, falling back to default profiles: default
2022-04-18 22:13:11.211  INFO 21764 --- [    Test worker] .s.d.r.c.RepositoryConfigurationDelegate : Bootstrapping Spring Data repositories in DEFAULT mode.
2022-04-18 22:13:11.230  INFO 21764 --- [    Test worker] .s.d.r.c.RepositoryConfigurationDelegate : Finished Spring Data repository scanning in 18ms. Found 2 repository interfaces.
2022-04-18 22:13:11.340  INFO 21764 --- [    Test worker] trationDelegate$BeanPostProcessorChecker : Bean 'org.springframework.transaction.annotation.ProxyTransactionManagementConfiguration' of type [org.springframework.transaction.annotation.ProxyTransactionManagementConfiguration$$EnhancerBySpringCGLIB$$1f4c58df] is not eligible for getting processed by all BeanPostProcessors (for example: not eligible for auto-proxying)
2022-04-18 22:13:11.636  INFO 21764 --- [    Test worker] o.s.b.w.embedded.tomcat.TomcatWebServer  : Tomcat initialized with port(s): 0 (http)
2022-04-18 22:13:11.674  INFO 21764 --- [    Test worker] o.apache.catalina.core.StandardService   : Starting service [Tomcat]
2022-04-18 22:13:11.674  INFO 21764 --- [    Test worker] org.apache.catalina.core.StandardEngine  : Starting Servlet engine: [Apache Tomcat/9.0.22]
2022-04-18 22:13:11.855  INFO 21764 --- [    Test worker] o.a.c.c.C.[Tomcat].[localhost].[/]       : Initializing Spring embedded WebApplicationContext
2022-04-18 22:13:11.855  INFO 21764 --- [    Test worker] o.s.web.context.ContextLoader            : Root WebApplicationContext: initialization completed in 816 ms
2022-04-18 22:13:12.059  INFO 21764 --- [    Test worker] com.zaxxer.hikari.HikariDataSource       : HikariPool-2 - Starting...
2022-04-18 22:13:12.061  INFO 21764 --- [    Test worker] com.zaxxer.hikari.HikariDataSource       : HikariPool-2 - Start completed.
2022-04-18 22:13:12.088  INFO 21764 --- [    Test worker] o.hibernate.jpa.internal.util.LogHelper  : HHH000204: Processing PersistenceUnitInfo [
	name: default
	...]
2022-04-18 22:13:12.108  INFO 21764 --- [    Test worker] org.hibernate.dialect.Dialect            : HHH000400: Using dialect: org.hibernate.dialect.MySQL5InnoDBDialect
Hibernate: drop table if exists posts
Hibernate: drop table if exists user
Hibernate: create table posts (id bigint not null auto_increment, created_date datetime, modified_date datetime, author varchar(255), content TEXT not null, title varchar(500) not null, primary key (id)) engine=InnoDB
Hibernate: create table user (id bigint not null auto_increment, created_date datetime, modified_date datetime, email varchar(255) not null, name varchar(255) not null, picture varchar(255), role varchar(255) not null, primary key (id)) engine=InnoDB
2022-04-18 22:13:12.164  INFO 21764 --- [    Test worker] o.h.t.schema.internal.SchemaCreatorImpl  : HHH000476: Executing import script 'org.hibernate.tool.schema.internal.exec.ScriptSourceInputNonExistentImpl@6628788e'
2022-04-18 22:13:12.164  INFO 21764 --- [    Test worker] j.LocalContainerEntityManagerFactoryBean : Initialized JPA EntityManagerFactory for persistence unit 'default'
2022-04-18 22:13:12.493  INFO 21764 --- [    Test worker] o.h.h.i.QueryTranslatorFactoryInitiator  : HHH000397: Using ASTQueryTranslatorFactory
2022-04-18 22:13:12.649  INFO 21764 --- [    Test worker] o.s.s.web.DefaultSecurityFilterChain     : Creating filter chain: any request, [org.springframework.security.web.context.request.async.WebAsyncManagerIntegrationFilter@3f239e0c, org.springframework.security.web.context.SecurityContextPersistenceFilter@75ebbc94, org.springframework.security.web.header.HeaderWriterFilter@50cc974, org.springframework.security.web.authentication.logout.LogoutFilter@426eed51, org.springframework.security.oauth2.client.web.OAuth2AuthorizationRequestRedirectFilter@43356d1c, org.springframework.security.oauth2.client.web.OAuth2LoginAuthenticationFilter@4e9c20ea, org.springframework.security.web.authentication.ui.DefaultLoginPageGeneratingFilter@6a49e390, org.springframework.security.web.authentication.ui.DefaultLogoutPageGeneratingFilter@3d5e2a3d, org.springframework.security.web.savedrequest.RequestCacheAwareFilter@4a4f8892, org.springframework.security.web.servletapi.SecurityContextHolderAwareRequestFilter@29ebafc6, org.springframework.security.web.authentication.AnonymousAuthenticationFilter@55ebed07, org.springframework.security.web.session.SessionManagementFilter@7ae720d3, org.springframework.security.web.access.ExceptionTranslationFilter@2413711a, org.springframework.security.web.access.intercept.FilterSecurityInterceptor@7edf9409]
2022-04-18 22:13:12.866  INFO 21764 --- [    Test worker] o.s.s.concurrent.ThreadPoolTaskExecutor  : Initializing ExecutorService 'applicationTaskExecutor'
2022-04-18 22:13:12.877  WARN 21764 --- [    Test worker] aWebConfiguration$JpaWebMvcConfiguration : spring.jpa.open-in-view is enabled by default. Therefore, database queries may be performed during view rendering. Explicitly configure spring.jpa.open-in-view to disable this warning
2022-04-18 22:13:12.901  INFO 21764 --- [    Test worker] o.s.b.a.w.s.WelcomePageHandlerMapping    : Adding welcome page template: index
2022-04-18 22:13:13.110  INFO 21764 --- [    Test worker] s.a.ScheduledAnnotationBeanPostProcessor : No TaskScheduler/ScheduledExecutorService bean found for scheduled processing
2022-04-18 22:13:13.139  INFO 21764 --- [    Test worker] o.s.b.w.embedded.tomcat.TomcatWebServer  : Tomcat started on port(s): 58235 (http) with context path ''
2022-04-18 22:13:13.140  INFO 21764 --- [    Test worker] c.s.b.s.web.IndexControllerTest          : Started IndexControllerTest in 2.13 seconds (JVM running for 11.959)
2022-04-18 22:13:13.237  INFO 21764 --- [o-auto-1-exec-2] o.a.c.c.C.[Tomcat].[localhost].[/]       : Initializing Spring DispatcherServlet 'dispatcherServlet'
2022-04-18 22:13:13.237  INFO 21764 --- [o-auto-1-exec-2] o.s.web.servlet.DispatcherServlet        : Initializing Servlet 'dispatcherServlet'
2022-04-18 22:13:13.254  INFO 21764 --- [o-auto-1-exec-2] o.s.web.servlet.DispatcherServlet        : Completed initialization in 17 ms
Hibernate: select posts0_.id as id1_0_, posts0_.created_date as created_2_0_, posts0_.modified_date as modified3_0_, posts0_.author as author4_0_, posts0_.content as content5_0_, posts0_.title as title6_0_ from posts posts0_ order by posts0_.id DESC
]]></system-out>
  <system-err><![CDATA[]]></system-err>
</testsuite>
