<?xml version="1.0" encoding="UTF-8"?>
<testsuite name="com.sw.book.springboot.web.HelloControllerTest" tests="2" skipped="0" failures="0" errors="0" timestamp="2022-04-18T07:48:26" hostname="DESKTOP-JJJLSO7" time="0.132">
  <properties/>
  <testcase name="hello가_리턴된다" classname="com.sw.book.springboot.web.HelloControllerTest" time="0.053"/>
  <testcase name="helloDto가_리턴된다" classname="com.sw.book.springboot.web.HelloControllerTest" time="0.078"/>
  <system-out><![CDATA[2022-04-18 16:48:25.981  INFO 9400 --- [    Test worker] .b.t.a.w.s.WebMvcTestContextBootstrapper : Neither @ContextConfiguration nor @ContextHierarchy found for test class [com.sw.book.springboot.web.HelloControllerTest], using SpringBootContextLoader
2022-04-18 16:48:25.982  INFO 9400 --- [    Test worker] o.s.t.c.support.AbstractContextLoader    : Could not detect default resource locations for test class [com.sw.book.springboot.web.HelloControllerTest]: no resource found for suffixes {-context.xml, Context.groovy}.
2022-04-18 16:48:25.982  INFO 9400 --- [    Test worker] t.c.s.AnnotationConfigContextLoaderUtils : Could not detect default configuration classes for test class [com.sw.book.springboot.web.HelloControllerTest]: HelloControllerTest does not declare any static, non-private, non-final, nested classes annotated with @Configuration.
2022-04-18 16:48:26.003  INFO 9400 --- [    Test worker] .b.t.c.SpringBootTestContextBootstrapper : Found @SpringBootConfiguration com.sw.book.springboot.web.Application for test class com.sw.book.springboot.web.HelloControllerTest
2022-04-18 16:48:26.004  INFO 9400 --- [    Test worker] .b.t.a.w.s.WebMvcTestContextBootstrapper : Loaded default TestExecutionListener class names from location [META-INF/spring.factories]: [org.springframework.security.test.context.support.WithSecurityContextTestExecutionListener, org.springframework.security.test.context.support.ReactorContextTestExecutionListener, org.springframework.boot.test.autoconfigure.restdocs.RestDocsTestExecutionListener, org.springframework.boot.test.autoconfigure.web.client.MockRestServiceServerResetTestExecutionListener, org.springframework.boot.test.autoconfigure.web.servlet.MockMvcPrintOnlyOnFailureTestExecutionListener, org.springframework.boot.test.autoconfigure.web.servlet.WebDriverTestExecutionListener, org.springframework.boot.test.mock.mockito.MockitoTestExecutionListener, org.springframework.boot.test.mock.mockito.ResetMocksTestExecutionListener, org.springframework.test.context.web.ServletTestExecutionListener, org.springframework.test.context.support.DirtiesContextBeforeModesTestExecutionListener, org.springframework.test.context.support.DependencyInjectionTestExecutionListener, org.springframework.test.context.support.DirtiesContextTestExecutionListener, org.springframework.test.context.transaction.TransactionalTestExecutionListener, org.springframework.test.context.jdbc.SqlScriptsTestExecutionListener]
2022-04-18 16:48:26.005  INFO 9400 --- [    Test worker] .b.t.a.w.s.WebMvcTestContextBootstrapper : Using TestExecutionListeners: [org.springframework.test.context.web.ServletTestExecutionListener@1b8ea119, org.springframework.test.context.support.DirtiesContextBeforeModesTestExecutionListener@23a24c9e, org.springframework.boot.test.mock.mockito.MockitoTestExecutionListener@3018fc17, org.springframework.boot.test.autoconfigure.SpringBootDependencyInjectionTestExecutionListener@2e0ac99b, org.springframework.test.context.support.DirtiesContextTestExecutionListener@4062232a, org.springframework.test.context.transaction.TransactionalTestExecutionListener@71154104, org.springframework.test.context.jdbc.SqlScriptsTestExecutionListener@69af375, org.springframework.security.test.context.support.WithSecurityContextTestExecutionListener@7ea4a42c, org.springframework.security.test.context.support.ReactorContextTestExecutionListener@2f0ea3a1, org.springframework.boot.test.autoconfigure.restdocs.RestDocsTestExecutionListener@74c8ca25, org.springframework.boot.test.autoconfigure.web.client.MockRestServiceServerResetTestExecutionListener@25189e92, org.springframework.boot.test.autoconfigure.web.servlet.MockMvcPrintOnlyOnFailureTestExecutionListener@7ec6cbd9, org.springframework.boot.test.autoconfigure.web.servlet.WebDriverTestExecutionListener@240f6c0b, org.springframework.boot.test.mock.mockito.ResetMocksTestExecutionListener@16a4134d]

  .   ____          _            __ _ _
 /\\ / ___'_ __ _ _(_)_ __  __ _ \ \ \ \
( ( )\___ | '_ | '_| | '_ \/ _` | \ \ \ \
 \\/  ___)| |_)| | | | | || (_| |  ) ) ) )
  '  |____| .__|_| |_|_| |_\__, | / / / /
 =========|_|==============|___/=/_/_/_/
 :: Spring Boot ::        (v2.1.7.RELEASE)

2022-04-18 16:48:26.027  INFO 9400 --- [    Test worker] c.s.b.s.web.HelloControllerTest          : Starting HelloControllerTest on DESKTOP-JJJLSO7 with PID 9400 (started by 신상원 in F:\Eclipse-workspace\freelec-springboot-webservice)
2022-04-18 16:48:26.027  INFO 9400 --- [    Test worker] c.s.b.s.web.HelloControllerTest          : No active profile set, falling back to default profiles: default
2022-04-18 16:48:26.370  INFO 9400 --- [    Test worker] o.s.s.concurrent.ThreadPoolTaskExecutor  : Initializing ExecutorService 'applicationTaskExecutor'
2022-04-18 16:48:26.389  INFO 9400 --- [    Test worker] o.s.b.a.w.s.WelcomePageHandlerMapping    : Adding welcome page template: index
2022-04-18 16:48:26.547  INFO 9400 --- [    Test worker] .s.s.UserDetailsServiceAutoConfiguration : 

Using generated security password: 6af49fb3-bcf5-4b27-bc6c-d2b9067732ce

2022-04-18 16:48:26.644  INFO 9400 --- [    Test worker] o.s.s.web.DefaultSecurityFilterChain     : Creating filter chain: any request, [org.springframework.security.web.context.request.async.WebAsyncManagerIntegrationFilter@2b054ea6, org.springframework.security.web.context.SecurityContextPersistenceFilter@5c65f077, org.springframework.security.web.header.HeaderWriterFilter@4d8040c4, org.springframework.security.web.csrf.CsrfFilter@ec5f11e, org.springframework.security.web.authentication.logout.LogoutFilter@19020a21, org.springframework.security.web.authentication.UsernamePasswordAuthenticationFilter@78ad14bc, org.springframework.security.web.authentication.ui.DefaultLoginPageGeneratingFilter@6a42fafb, org.springframework.security.web.authentication.ui.DefaultLogoutPageGeneratingFilter@413a706f, org.springframework.security.web.authentication.www.BasicAuthenticationFilter@607ba493, org.springframework.security.web.savedrequest.RequestCacheAwareFilter@29408f90, org.springframework.security.web.servletapi.SecurityContextHolderAwareRequestFilter@66896c1c, org.springframework.security.web.authentication.AnonymousAuthenticationFilter@7c581be7, org.springframework.security.web.session.SessionManagementFilter@6cec056b, org.springframework.security.web.access.ExceptionTranslationFilter@67b25c4f, org.springframework.security.web.access.intercept.FilterSecurityInterceptor@49806f2a]
2022-04-18 16:48:26.675  INFO 9400 --- [    Test worker] o.s.b.t.m.w.SpringBootMockServletContext : Initializing Spring TestDispatcherServlet ''
2022-04-18 16:48:26.676  INFO 9400 --- [    Test worker] o.s.t.web.servlet.TestDispatcherServlet  : Initializing Servlet ''
2022-04-18 16:48:26.688  INFO 9400 --- [    Test worker] o.s.t.web.servlet.TestDispatcherServlet  : Completed initialization in 11 ms
2022-04-18 16:48:26.711  INFO 9400 --- [    Test worker] c.s.b.s.web.HelloControllerTest          : Started HelloControllerTest in 0.703 seconds (JVM running for 7.763)
]]></system-out>
  <system-err><![CDATA[]]></system-err>
</testsuite>
