<?xml version="1.0" encoding="UTF-8"?>
<testsuite name="com.sw.book.springboot.web.HelloControllerTest" tests="2" skipped="0" failures="0" errors="0" timestamp="2022-04-18T13:13:10" hostname="DESKTOP-JJJLSO7" time="0.17">
  <properties/>
  <testcase name="hello가_리턴된다" classname="com.sw.book.springboot.web.HelloControllerTest" time="0.089"/>
  <testcase name="helloDto가_리턴된다" classname="com.sw.book.springboot.web.HelloControllerTest" time="0.081"/>
  <system-out><![CDATA[2022-04-18 22:13:09.961  INFO 21764 --- [    Test worker] .b.t.a.w.s.WebMvcTestContextBootstrapper : Neither @ContextConfiguration nor @ContextHierarchy found for test class [com.sw.book.springboot.web.HelloControllerTest], using SpringBootContextLoader
2022-04-18 22:13:09.961  INFO 21764 --- [    Test worker] o.s.t.c.support.AbstractContextLoader    : Could not detect default resource locations for test class [com.sw.book.springboot.web.HelloControllerTest]: no resource found for suffixes {-context.xml, Context.groovy}.
2022-04-18 22:13:09.962  INFO 21764 --- [    Test worker] t.c.s.AnnotationConfigContextLoaderUtils : Could not detect default configuration classes for test class [com.sw.book.springboot.web.HelloControllerTest]: HelloControllerTest does not declare any static, non-private, non-final, nested classes annotated with @Configuration.
2022-04-18 22:13:09.982  INFO 21764 --- [    Test worker] .b.t.c.SpringBootTestContextBootstrapper : Found @SpringBootConfiguration com.sw.book.springboot.web.Application for test class com.sw.book.springboot.web.HelloControllerTest
2022-04-18 22:13:09.983  INFO 21764 --- [    Test worker] .b.t.a.w.s.WebMvcTestContextBootstrapper : Loaded default TestExecutionListener class names from location [META-INF/spring.factories]: [org.springframework.security.test.context.support.WithSecurityContextTestExecutionListener, org.springframework.security.test.context.support.ReactorContextTestExecutionListener, org.springframework.boot.test.autoconfigure.restdocs.RestDocsTestExecutionListener, org.springframework.boot.test.autoconfigure.web.client.MockRestServiceServerResetTestExecutionListener, org.springframework.boot.test.autoconfigure.web.servlet.MockMvcPrintOnlyOnFailureTestExecutionListener, org.springframework.boot.test.autoconfigure.web.servlet.WebDriverTestExecutionListener, org.springframework.boot.test.mock.mockito.MockitoTestExecutionListener, org.springframework.boot.test.mock.mockito.ResetMocksTestExecutionListener, org.springframework.test.context.web.ServletTestExecutionListener, org.springframework.test.context.support.DirtiesContextBeforeModesTestExecutionListener, org.springframework.test.context.support.DependencyInjectionTestExecutionListener, org.springframework.test.context.support.DirtiesContextTestExecutionListener, org.springframework.test.context.transaction.TransactionalTestExecutionListener, org.springframework.test.context.jdbc.SqlScriptsTestExecutionListener]
2022-04-18 22:13:09.984  INFO 21764 --- [    Test worker] .b.t.a.w.s.WebMvcTestContextBootstrapper : Using TestExecutionListeners: [org.springframework.test.context.web.ServletTestExecutionListener@697a2f25, org.springframework.test.context.support.DirtiesContextBeforeModesTestExecutionListener@338adcea, org.springframework.boot.test.mock.mockito.MockitoTestExecutionListener@1c96d296, org.springframework.boot.test.autoconfigure.SpringBootDependencyInjectionTestExecutionListener@29273661, org.springframework.test.context.support.DirtiesContextTestExecutionListener@111c3767, org.springframework.test.context.transaction.TransactionalTestExecutionListener@7494d422, org.springframework.test.context.jdbc.SqlScriptsTestExecutionListener@5e3caa44, org.springframework.security.test.context.support.WithSecurityContextTestExecutionListener@4eb80bdc, org.springframework.security.test.context.support.ReactorContextTestExecutionListener@3eefaa63, org.springframework.boot.test.autoconfigure.restdocs.RestDocsTestExecutionListener@6c884c58, org.springframework.boot.test.autoconfigure.web.client.MockRestServiceServerResetTestExecutionListener@575db507, org.springframework.boot.test.autoconfigure.web.servlet.MockMvcPrintOnlyOnFailureTestExecutionListener@5935b2db, org.springframework.boot.test.autoconfigure.web.servlet.WebDriverTestExecutionListener@1a4aa72c, org.springframework.boot.test.mock.mockito.ResetMocksTestExecutionListener@340ec2b1]

  .   ____          _            __ _ _
 /\\ / ___'_ __ _ _(_)_ __  __ _ \ \ \ \
( ( )\___ | '_ | '_| | '_ \/ _` | \ \ \ \
 \\/  ___)| |_)| | | | | || (_| |  ) ) ) )
  '  |____| .__|_| |_|_| |_\__, | / / / /
 =========|_|==============|___/=/_/_/_/
 :: Spring Boot ::        (v2.1.7.RELEASE)

2022-04-18 22:13:10.009  INFO 21764 --- [    Test worker] c.s.b.s.web.HelloControllerTest          : Starting HelloControllerTest on DESKTOP-JJJLSO7 with PID 21764 (started by 신상원 in F:\Eclipse-workspace\freelec-springboot-webservice)
2022-04-18 22:13:10.010  INFO 21764 --- [    Test worker] c.s.b.s.web.HelloControllerTest          : No active profile set, falling back to default profiles: default
2022-04-18 22:13:10.428  INFO 21764 --- [    Test worker] o.s.s.concurrent.ThreadPoolTaskExecutor  : Initializing ExecutorService 'applicationTaskExecutor'
2022-04-18 22:13:10.455  INFO 21764 --- [    Test worker] o.s.b.a.w.s.WelcomePageHandlerMapping    : Adding welcome page template: index
2022-04-18 22:13:10.645  INFO 21764 --- [    Test worker] .s.s.UserDetailsServiceAutoConfiguration : 

Using generated security password: 896c746b-2a48-4a9e-8ee6-36e97871522a

2022-04-18 22:13:10.748  INFO 21764 --- [    Test worker] o.s.s.web.DefaultSecurityFilterChain     : Creating filter chain: any request, [org.springframework.security.web.context.request.async.WebAsyncManagerIntegrationFilter@3c48080e, org.springframework.security.web.context.SecurityContextPersistenceFilter@684bc8c4, org.springframework.security.web.header.HeaderWriterFilter@4e275cff, org.springframework.security.web.csrf.CsrfFilter@73637c2, org.springframework.security.web.authentication.logout.LogoutFilter@5aedd04d, org.springframework.security.web.authentication.UsernamePasswordAuthenticationFilter@b90864a, org.springframework.security.web.authentication.ui.DefaultLoginPageGeneratingFilter@3befd3a4, org.springframework.security.web.authentication.ui.DefaultLogoutPageGeneratingFilter@269449c5, org.springframework.security.web.authentication.www.BasicAuthenticationFilter@35697386, org.springframework.security.web.savedrequest.RequestCacheAwareFilter@78a3fcbd, org.springframework.security.web.servletapi.SecurityContextHolderAwareRequestFilter@c1797f2, org.springframework.security.web.authentication.AnonymousAuthenticationFilter@589febd2, org.springframework.security.web.session.SessionManagementFilter@7899fade, org.springframework.security.web.access.ExceptionTranslationFilter@3ab549b1, org.springframework.security.web.access.intercept.FilterSecurityInterceptor@465574a5]
2022-04-18 22:13:10.786  INFO 21764 --- [    Test worker] o.s.b.t.m.w.SpringBootMockServletContext : Initializing Spring TestDispatcherServlet ''
2022-04-18 22:13:10.787  INFO 21764 --- [    Test worker] o.s.t.web.servlet.TestDispatcherServlet  : Initializing Servlet ''
2022-04-18 22:13:10.800  INFO 21764 --- [    Test worker] o.s.t.web.servlet.TestDispatcherServlet  : Completed initialization in 13 ms
2022-04-18 22:13:10.825  INFO 21764 --- [    Test worker] c.s.b.s.web.HelloControllerTest          : Started HelloControllerTest in 0.838 seconds (JVM running for 9.644)
]]></system-out>
  <system-err><![CDATA[]]></system-err>
</testsuite>
